2025-10-24T20:47:01.636+08:00  INFO 17864 --- [LibrarySystem] [main] o.p.s.LibrarySystemApplicationTests      : Starting LibrarySystemApplicationTests using Java 21.0.7 with PID 17864 (started by lenovo in E:\ideaTry\LibrarySystem)
2025-10-24T20:47:01.642+08:00 DEBUG 17864 --- [LibrarySystem] [main] o.p.s.LibrarySystemApplicationTests      : Running with Spring Boot v3.5.4, Spring v6.2.9
2025-10-24T20:47:01.643+08:00  INFO 17864 --- [LibrarySystem] [main] o.p.s.LibrarySystemApplicationTests      : The following 1 profile is active: "dev"
2025-10-24T20:47:02.748+08:00  INFO 17864 --- [LibrarySystem] [main] .s.d.r.c.RepositoryConfigurationDelegate : Multiple Spring Data modules found, entering strict repository configuration mode
2025-10-24T20:47:02.751+08:00  INFO 17864 --- [LibrarySystem] [main] .s.d.r.c.RepositoryConfigurationDelegate : Bootstrapping Spring Data Neo4j repositories in DEFAULT mode.
2025-10-24T20:47:02.912+08:00  INFO 17864 --- [LibrarySystem] [main] .s.d.r.c.RepositoryConfigurationDelegate : Finished Spring Data repository scanning in 154 ms. Found 0 Neo4j repository interfaces.
2025-10-24T20:47:02.921+08:00  INFO 17864 --- [LibrarySystem] [main] .s.d.r.c.RepositoryConfigurationDelegate : Multiple Spring Data modules found, entering strict repository configuration mode
2025-10-24T20:47:02.921+08:00  INFO 17864 --- [LibrarySystem] [main] .s.d.r.c.RepositoryConfigurationDelegate : Bootstrapping Spring Data Neo4j repositories in DEFAULT mode.
2025-10-24T20:47:02.991+08:00  INFO 17864 --- [LibrarySystem] [main] .s.d.r.c.RepositoryConfigurationDelegate : Finished Spring Data repository scanning in 68 ms. Found 4 Neo4j repository interfaces.
2025-10-24T20:47:03.020+08:00  INFO 17864 --- [LibrarySystem] [main] .s.d.r.c.RepositoryConfigurationDelegate : Multiple Spring Data modules found, entering strict repository configuration mode
2025-10-24T20:47:03.021+08:00  INFO 17864 --- [LibrarySystem] [main] .s.d.r.c.RepositoryConfigurationDelegate : Bootstrapping Spring Data Redis repositories in DEFAULT mode.
2025-10-24T20:47:03.051+08:00  INFO 17864 --- [LibrarySystem] [main] .RepositoryConfigurationExtensionSupport : Spring Data Redis - Could not safely identify store assignment for repository candidate interface org.powernode.springboot.repository.AccountRepository; If you want this repository to be a Redis repository, consider annotating your entities with one of these annotations: org.springframework.data.redis.core.RedisHash (preferred), or consider extending one of the following types with your repository: org.springframework.data.keyvalue.repository.KeyValueRepository
2025-10-24T20:47:03.052+08:00  INFO 17864 --- [LibrarySystem] [main] .RepositoryConfigurationExtensionSupport : Spring Data Redis - Could not safely identify store assignment for repository candidate interface org.powernode.springboot.repository.AuthorRepository; If you want this repository to be a Redis repository, consider annotating your entities with one of these annotations: org.springframework.data.redis.core.RedisHash (preferred), or consider extending one of the following types with your repository: org.springframework.data.keyvalue.repository.KeyValueRepository
2025-10-24T20:47:03.052+08:00  INFO 17864 --- [LibrarySystem] [main] .RepositoryConfigurationExtensionSupport : Spring Data Redis - Could not safely identify store assignment for repository candidate interface org.powernode.springboot.repository.BookRepository; If you want this repository to be a Redis repository, consider annotating your entities with one of these annotations: org.springframework.data.redis.core.RedisHash (preferred), or consider extending one of the following types with your repository: org.springframework.data.keyvalue.repository.KeyValueRepository
2025-10-24T20:47:03.052+08:00  INFO 17864 --- [LibrarySystem] [main] .RepositoryConfigurationExtensionSupport : Spring Data Redis - Could not safely identify store assignment for repository candidate interface org.powernode.springboot.repository.TypeRepository; If you want this repository to be a Redis repository, consider annotating your entities with one of these annotations: org.springframework.data.redis.core.RedisHash (preferred), or consider extending one of the following types with your repository: org.springframework.data.keyvalue.repository.KeyValueRepository
2025-10-24T20:47:03.053+08:00  INFO 17864 --- [LibrarySystem] [main] .s.d.r.c.RepositoryConfigurationDelegate : Finished Spring Data repository scanning in 18 ms. Found 0 Redis repository interfaces.
2025-10-24T20:47:03.289+08:00 DEBUG 17864 --- [LibrarySystem] [main] org.apache.ibatis.logging.LogFactory     : Logging initialized using 'class org.apache.ibatis.logging.slf4j.Slf4jImpl' adapter.
2025-10-24T20:47:03.292+08:00 DEBUG 17864 --- [LibrarySystem] [main] o.m.s.mapper.ClassPathMapperScanner      : Ignored because not a concrete top-level class: file [E:\ideaTry\LibrarySystem\target\classes\org\powernode\springboot\mapper\database\BalanceNotEnoughError.class]
2025-10-24T20:47:03.293+08:00 DEBUG 17864 --- [LibrarySystem] [main] o.m.s.mapper.ClassPathMapperScanner      : Identified candidate component class: file [E:\ideaTry\LibrarySystem\target\classes\org\powernode\springboot\mapper\database\BookMapper.class]
2025-10-24T20:47:03.293+08:00 DEBUG 17864 --- [LibrarySystem] [main] o.m.s.mapper.ClassPathMapperScanner      : Identified candidate component class: file [E:\ideaTry\LibrarySystem\target\classes\org\powernode\springboot\mapper\database\BooksMapper.class]
2025-10-24T20:47:03.293+08:00 DEBUG 17864 --- [LibrarySystem] [main] o.m.s.mapper.ClassPathMapperScanner      : Identified candidate component class: file [E:\ideaTry\LibrarySystem\target\classes\org\powernode\springboot\mapper\database\BorrowTimeMapper.class]
2025-10-24T20:47:03.293+08:00 DEBUG 17864 --- [LibrarySystem] [main] o.m.s.mapper.ClassPathMapperScanner      : Identified candidate component class: file [E:\ideaTry\LibrarySystem\target\classes\org\powernode\springboot\mapper\database\ManagerMapper.class]
2025-10-24T20:47:03.294+08:00 DEBUG 17864 --- [LibrarySystem] [main] o.m.s.mapper.ClassPathMapperScanner      : Identified candidate component class: file [E:\ideaTry\LibrarySystem\target\classes\org\powernode\springboot\mapper\database\OrdersMapper.class]
2025-10-24T20:47:03.294+08:00 DEBUG 17864 --- [LibrarySystem] [main] o.m.s.mapper.ClassPathMapperScanner      : Identified candidate component class: file [E:\ideaTry\LibrarySystem\target\classes\org\powernode\springboot\mapper\database\ProcessBookMapper.class]
2025-10-24T20:47:03.294+08:00 DEBUG 17864 --- [LibrarySystem] [main] o.m.s.mapper.ClassPathMapperScanner      : Identified candidate component class: file [E:\ideaTry\LibrarySystem\target\classes\org\powernode\springboot\mapper\database\PurchaseBooksMapper.class]
2025-10-24T20:47:03.294+08:00 DEBUG 17864 --- [LibrarySystem] [main] o.m.s.mapper.ClassPathMapperScanner      : Identified candidate component class: file [E:\ideaTry\LibrarySystem\target\classes\org\powernode\springboot\mapper\database\ScoreMapper.class]
2025-10-24T20:47:03.294+08:00 DEBUG 17864 --- [LibrarySystem] [main] o.m.s.mapper.ClassPathMapperScanner      : Identified candidate component class: file [E:\ideaTry\LibrarySystem\target\classes\org\powernode\springboot\mapper\database\UserMapper.class]
2025-10-24T20:47:03.295+08:00 DEBUG 17864 --- [LibrarySystem] [main] o.m.s.mapper.ClassPathMapperScanner      : Creating MapperFactoryBean with name 'bookMapper' and 'org.powernode.springboot.mapper.database.BookMapper' mapperInterface
2025-10-24T20:47:03.299+08:00 DEBUG 17864 --- [LibrarySystem] [main] o.m.s.mapper.ClassPathMapperScanner      : Enabling autowire by type for MapperFactoryBean with name 'bookMapper'.
2025-10-24T20:47:03.300+08:00 DEBUG 17864 --- [LibrarySystem] [main] o.m.s.mapper.ClassPathMapperScanner      : Creating MapperFactoryBean with name 'booksMapper' and 'org.powernode.springboot.mapper.database.BooksMapper' mapperInterface
2025-10-24T20:47:03.301+08:00 DEBUG 17864 --- [LibrarySystem] [main] o.m.s.mapper.ClassPathMapperScanner      : Enabling autowire by type for MapperFactoryBean with name 'booksMapper'.
2025-10-24T20:47:03.302+08:00 DEBUG 17864 --- [LibrarySystem] [main] o.m.s.mapper.ClassPathMapperScanner      : Creating MapperFactoryBean with name 'borrowTimeMapper' and 'org.powernode.springboot.mapper.database.BorrowTimeMapper' mapperInterface
2025-10-24T20:47:03.303+08:00 DEBUG 17864 --- [LibrarySystem] [main] o.m.s.mapper.ClassPathMapperScanner      : Enabling autowire by type for MapperFactoryBean with name 'borrowTimeMapper'.
2025-10-24T20:47:03.303+08:00 DEBUG 17864 --- [LibrarySystem] [main] o.m.s.mapper.ClassPathMapperScanner      : Creating MapperFactoryBean with name 'managerMapper' and 'org.powernode.springboot.mapper.database.ManagerMapper' mapperInterface
2025-10-24T20:47:03.304+08:00 DEBUG 17864 --- [LibrarySystem] [main] o.m.s.mapper.ClassPathMapperScanner      : Enabling autowire by type for MapperFactoryBean with name 'managerMapper'.
2025-10-24T20:47:03.304+08:00 DEBUG 17864 --- [LibrarySystem] [main] o.m.s.mapper.ClassPathMapperScanner      : Creating MapperFactoryBean with name 'ordersMapper' and 'org.powernode.springboot.mapper.database.OrdersMapper' mapperInterface
2025-10-24T20:47:03.305+08:00 DEBUG 17864 --- [LibrarySystem] [main] o.m.s.mapper.ClassPathMapperScanner      : Enabling autowire by type for MapperFactoryBean with name 'ordersMapper'.
2025-10-24T20:47:03.305+08:00 DEBUG 17864 --- [LibrarySystem] [main] o.m.s.mapper.ClassPathMapperScanner      : Creating MapperFactoryBean with name 'processBookMapper' and 'org.powernode.springboot.mapper.database.ProcessBookMapper' mapperInterface
2025-10-24T20:47:03.305+08:00 DEBUG 17864 --- [LibrarySystem] [main] o.m.s.mapper.ClassPathMapperScanner      : Enabling autowire by type for MapperFactoryBean with name 'processBookMapper'.
2025-10-24T20:47:03.305+08:00 DEBUG 17864 --- [LibrarySystem] [main] o.m.s.mapper.ClassPathMapperScanner      : Creating MapperFactoryBean with name 'purchaseBooksMapper' and 'org.powernode.springboot.mapper.database.PurchaseBooksMapper' mapperInterface
2025-10-24T20:47:03.306+08:00 DEBUG 17864 --- [LibrarySystem] [main] o.m.s.mapper.ClassPathMapperScanner      : Enabling autowire by type for MapperFactoryBean with name 'purchaseBooksMapper'.
2025-10-24T20:47:03.306+08:00 DEBUG 17864 --- [LibrarySystem] [main] o.m.s.mapper.ClassPathMapperScanner      : Creating MapperFactoryBean with name 'scoreMapper' and 'org.powernode.springboot.mapper.database.ScoreMapper' mapperInterface
2025-10-24T20:47:03.306+08:00 DEBUG 17864 --- [LibrarySystem] [main] o.m.s.mapper.ClassPathMapperScanner      : Enabling autowire by type for MapperFactoryBean with name 'scoreMapper'.
2025-10-24T20:47:03.307+08:00 DEBUG 17864 --- [LibrarySystem] [main] o.m.s.mapper.ClassPathMapperScanner      : Creating MapperFactoryBean with name 'userMapper' and 'org.powernode.springboot.mapper.database.UserMapper' mapperInterface
2025-10-24T20:47:03.307+08:00 DEBUG 17864 --- [LibrarySystem] [main] o.m.s.mapper.ClassPathMapperScanner      : Enabling autowire by type for MapperFactoryBean with name 'userMapper'.
2025-10-24T20:47:04.920+08:00 DEBUG 17864 --- [LibrarySystem] [main] o.mybatis.spring.SqlSessionFactoryBean   : Parsed mapper file: 'file [E:\ideaTry\LibrarySystem\target\classes\mapper\BookMapper.xml]'
2025-10-24T20:47:04.940+08:00 DEBUG 17864 --- [LibrarySystem] [main] o.mybatis.spring.SqlSessionFactoryBean   : Parsed mapper file: 'file [E:\ideaTry\LibrarySystem\target\classes\mapper\BooksMapper.xml]'
2025-10-24T20:47:04.950+08:00 DEBUG 17864 --- [LibrarySystem] [main] o.mybatis.spring.SqlSessionFactoryBean   : Parsed mapper file: 'file [E:\ideaTry\LibrarySystem\target\classes\mapper\BorrowTimeMapper.xml]'
2025-10-24T20:47:04.959+08:00 DEBUG 17864 --- [LibrarySystem] [main] o.mybatis.spring.SqlSessionFactoryBean   : Parsed mapper file: 'file [E:\ideaTry\LibrarySystem\target\classes\mapper\ManagerMapper.xml]'
2025-10-24T20:47:04.971+08:00 DEBUG 17864 --- [LibrarySystem] [main] o.mybatis.spring.SqlSessionFactoryBean   : Parsed mapper file: 'file [E:\ideaTry\LibrarySystem\target\classes\mapper\OrdersMapper.xml]'
2025-10-24T20:47:04.976+08:00 DEBUG 17864 --- [LibrarySystem] [main] o.mybatis.spring.SqlSessionFactoryBean   : Parsed mapper file: 'file [E:\ideaTry\LibrarySystem\target\classes\mapper\ProcessBookMapper.xml]'
2025-10-24T20:47:04.983+08:00 DEBUG 17864 --- [LibrarySystem] [main] o.mybatis.spring.SqlSessionFactoryBean   : Parsed mapper file: 'file [E:\ideaTry\LibrarySystem\target\classes\mapper\PurchaseBooksMapper.xml]'
2025-10-24T20:47:04.989+08:00 DEBUG 17864 --- [LibrarySystem] [main] o.mybatis.spring.SqlSessionFactoryBean   : Parsed mapper file: 'file [E:\ideaTry\LibrarySystem\target\classes\mapper\ScoreMapper.xml]'
2025-10-24T20:47:05.003+08:00 DEBUG 17864 --- [LibrarySystem] [main] o.mybatis.spring.SqlSessionFactoryBean   : Parsed mapper file: 'file [E:\ideaTry\LibrarySystem\target\classes\mapper\UserMapper.xml]'
2025-10-24T20:47:05.542+08:00  INFO 17864 --- [LibrarySystem] [main] o.neo4j.driver.internal.DriverFactory    : Routing driver instance 1651372403 created for server address localhost:7687
2025-10-24T20:47:05.685+08:00  WARN 17864 --- [LibrarySystem] [main] o.s.d.n.c.mapping.Neo4jPersistentEntity  : The entity org.powernode.springboot.bean.neo4j.Type is using a Long value for storing internally generated Neo4j ids. The Neo4j internal Long Ids are deprecated, please consider using an external ID generator.
2025-10-24T20:47:05.717+08:00  WARN 17864 --- [LibrarySystem] [main] o.s.d.n.c.mapping.Neo4jPersistentEntity  : The entity org.powernode.springboot.bean.neo4j.Author is using a Long value for storing internally generated Neo4j ids. The Neo4j internal Long Ids are deprecated, please consider using an external ID generator.
2025-10-24T20:47:06.032+08:00  WARN 17864 --- [LibrarySystem] [main] o.s.w.c.s.GenericWebApplicationContext   : Exception encountered during context initialization - cancelling refresh attempt: org.springframework.beans.factory.UnsatisfiedDependencyException: Error creating bean with name 'recommendServiceImpl': Unsatisfied dependency expressed through field 'calculateSimilarityRepository': No qualifying bean of type 'org.powernode.springboot.repository.CalculateSimilarityRepository' available: expected at least 1 bean which qualifies as autowire candidate. Dependency annotations: {@org.springframework.beans.factory.annotation.Autowired(required=true)}
2025-10-24T20:47:06.033+08:00  INFO 17864 --- [LibrarySystem] [main] o.neo4j.driver.internal.InternalDriver   : Closing driver instance 1651372403
2025-10-24T20:47:06.080+08:00  INFO 17864 --- [LibrarySystem] [main] .s.b.a.l.ConditionEvaluationReportLogger : 

Error starting ApplicationContext. To display the condition evaluation report re-run your application with 'debug' enabled.
2025-10-24T20:47:06.108+08:00 ERROR 17864 --- [LibrarySystem] [main] o.s.b.d.LoggingFailureAnalysisReporter   : 

***************************
APPLICATION FAILED TO START
***************************

Description:

Field calculateSimilarityRepository in org.powernode.springboot.service.database.service.neo4j.impl.RecommendServiceImpl required a bean of type 'org.powernode.springboot.repository.CalculateSimilarityRepository' that could not be found.

The injection point has the following annotations:
	- @org.springframework.beans.factory.annotation.Autowired(required=true)


Action:

Consider defining a bean of type 'org.powernode.springboot.repository.CalculateSimilarityRepository' in your configuration.

2025-10-24T20:47:06.112+08:00  WARN 17864 --- [LibrarySystem] [main] o.s.test.context.TestContextManager      : Caught exception while allowing TestExecutionListener [org.springframework.test.context.web.ServletTestExecutionListener] to prepare test instance [org.powernode.springboot.LibrarySystemApplicationTests@564d3940]

java.lang.IllegalStateException: Failed to load ApplicationContext for [WebMergedContextConfiguration@13809363 testClass = org.powernode.springboot.LibrarySystemApplicationTests, locations = [], classes = [org.powernode.springboot.LibrarySystemApplication], contextInitializerClasses = [], activeProfiles = [], propertySourceDescriptors = [], propertySourceProperties = ["org.springframework.boot.test.context.SpringBootTestContextBootstrapper=true"], contextCustomizers = [org.springframework.boot.test.context.filter.ExcludeFilterContextCustomizer@456d6c1e, org.springframework.boot.test.json.DuplicateJsonObjectContextCustomizerFactory$DuplicateJsonObjectContextCustomizer@6f8e8894, org.springframework.boot.test.mock.mockito.MockitoContextCustomizer@0, org.springframework.boot.test.web.client.TestRestTemplateContextCustomizer@2415fc55, org.springframework.boot.test.web.reactor.netty.DisableReactorResourceFactoryGlobalResourcesContextCustomizerFactory$DisableReactorResourceFactoryGlobalResourcesContextCustomizerCustomizer@42e25b0b, org.springframework.boot.test.autoconfigure.OnFailureConditionReportContextCustomizerFactory$OnFailureConditionReportContextCustomizer@2205a05d, org.springframework.boot.test.autoconfigure.actuate.observability.ObservabilityContextCustomizerFactory$DisableObservabilityContextCustomizer@1f, org.springframework.boot.test.autoconfigure.properties.PropertyMappingContextCustomizer@0, org.springframework.boot.test.autoconfigure.web.servlet.WebDriverContextCustomizer@5456afaa, org.springframework.test.context.support.DynamicPropertiesContextCustomizer@0, org.springframework.boot.test.context.SpringBootTestAnnotation@5834d4cc], resourceBasePath = "src/main/webapp", contextLoader = org.springframework.boot.test.context.SpringBootContextLoader, parent = null]
	at org.springframework.test.context.cache.DefaultCacheAwareContextLoaderDelegate.loadContext(DefaultCacheAwareContextLoaderDelegate.java:180) ~[spring-test-6.2.9.jar:6.2.9]
	at org.springframework.test.context.support.DefaultTestContext.getApplicationContext(DefaultTestContext.java:130) ~[spring-test-6.2.9.jar:6.2.9]
	at org.springframework.test.context.web.ServletTestExecutionListener.setUpRequestContextIfNecessary(ServletTestExecutionListener.java:200) ~[spring-test-6.2.9.jar:6.2.9]
	at org.springframework.test.context.web.ServletTestExecutionListener.prepareTestInstance(ServletTestExecutionListener.java:139) ~[spring-test-6.2.9.jar:6.2.9]
	at org.springframework.test.context.TestContextManager.prepareTestInstance(TestContextManager.java:260) ~[spring-test-6.2.9.jar:6.2.9]
	at org.springframework.test.context.junit.jupiter.SpringExtension.postProcessTestInstance(SpringExtension.java:159) ~[spring-test-6.2.9.jar:6.2.9]
	at org.junit.jupiter.engine.descriptor.ClassBasedTestDescriptor.lambda$invokeTestInstancePostProcessors$10(ClassBasedTestDescriptor.java:383) ~[junit-jupiter-engine-5.12.2.jar:5.12.2]
	at org.junit.jupiter.engine.descriptor.ClassBasedTestDescriptor.executeAndMaskThrowable(ClassBasedTestDescriptor.java:388) ~[junit-jupiter-engine-5.12.2.jar:5.12.2]
	at org.junit.jupiter.engine.descriptor.ClassBasedTestDescriptor.lambda$invokeTestInstancePostProcessors$11(ClassBasedTestDescriptor.java:382) ~[junit-jupiter-engine-5.12.2.jar:5.12.2]
	at java.base/java.util.stream.ForEachOps$ForEachOp$OfRef.accept(ForEachOps.java:184) ~[na:na]
	at java.base/java.util.stream.ReferencePipeline$3$1.accept(ReferencePipeline.java:197) ~[na:na]
	at java.base/java.util.stream.ReferencePipeline$2$1.accept(ReferencePipeline.java:179) ~[na:na]
	at java.base/java.util.stream.ReferencePipeline$3$1.accept(ReferencePipeline.java:197) ~[na:na]
	at java.base/java.util.ArrayList$ArrayListSpliterator.forEachRemaining(ArrayList.java:1708) ~[na:na]
	at java.base/java.util.stream.AbstractPipeline.copyInto(AbstractPipeline.java:509) ~[na:na]
	at java.base/java.util.stream.AbstractPipeline.wrapAndCopyInto(AbstractPipeline.java:499) ~[na:na]
	at java.base/java.util.stream.ForEachOps$ForEachOp.evaluateSequential(ForEachOps.java:151) ~[na:na]
	at java.base/java.util.stream.ForEachOps$ForEachOp$OfRef.evaluateSequential(ForEachOps.java:174) ~[na:na]
	at java.base/java.util.stream.AbstractPipeline.evaluate(AbstractPipeline.java:234) ~[na:na]
	at java.base/java.util.stream.ReferencePipeline.forEach(ReferencePipeline.java:596) ~[na:na]
	at org.junit.jupiter.engine.descriptor.ClassBasedTestDescriptor.invokeTestInstancePostProcessors(ClassBasedTestDescriptor.java:382) ~[junit-jupiter-engine-5.12.2.jar:5.12.2]
	at org.junit.jupiter.engine.descriptor.ClassBasedTestDescriptor.lambda$instantiateAndPostProcessTestInstance$6(ClassBasedTestDescriptor.java:293) ~[junit-jupiter-engine-5.12.2.jar:5.12.2]
	at org.junit.platform.engine.support.hierarchical.ThrowableCollector.execute(ThrowableCollector.java:73) ~[junit-platform-engine-1.12.2.jar:1.12.2]
	at org.junit.jupiter.engine.descriptor.ClassBasedTestDescriptor.instantiateAndPostProcessTestInstance(ClassBasedTestDescriptor.java:292) ~[junit-jupiter-engine-5.12.2.jar:5.12.2]
	at org.junit.jupiter.engine.descriptor.ClassBasedTestDescriptor.lambda$testInstancesProvider$4(ClassBasedTestDescriptor.java:281) ~[junit-jupiter-engine-5.12.2.jar:5.12.2]
	at java.base/java.util.Optional.orElseGet(Optional.java:364) ~[na:na]
	at org.junit.jupiter.engine.descriptor.ClassBasedTestDescriptor.lambda$testInstancesProvider$5(ClassBasedTestDescriptor.java:280) ~[junit-jupiter-engine-5.12.2.jar:5.12.2]
	at org.junit.jupiter.engine.execution.TestInstancesProvider.getTestInstances(TestInstancesProvider.java:27) ~[junit-jupiter-engine-5.12.2.jar:5.12.2]
	at org.junit.jupiter.engine.descriptor.TestMethodTestDescriptor.lambda$prepare$0(TestMethodTestDescriptor.java:112) ~[junit-jupiter-engine-5.12.2.jar:5.12.2]
	at org.junit.platform.engine.support.hierarchical.ThrowableCollector.execute(ThrowableCollector.java:73) ~[junit-platform-engine-1.12.2.jar:1.12.2]
	at org.junit.jupiter.engine.descriptor.TestMethodTestDescriptor.prepare(TestMethodTestDescriptor.java:111) ~[junit-jupiter-engine-5.12.2.jar:5.12.2]
	at org.junit.jupiter.engine.descriptor.TestMethodTestDescriptor.prepare(TestMethodTestDescriptor.java:69) ~[junit-jupiter-engine-5.12.2.jar:5.12.2]
	at org.junit.platform.engine.support.hierarchical.NodeTestTask.lambda$prepare$2(NodeTestTask.java:128) ~[junit-platform-engine-1.12.2.jar:1.12.2]
	at org.junit.platform.engine.support.hierarchical.ThrowableCollector.execute(ThrowableCollector.java:73) ~[junit-platform-engine-1.12.2.jar:1.12.2]
	at org.junit.platform.engine.support.hierarchical.NodeTestTask.prepare(NodeTestTask.java:128) ~[junit-platform-engine-1.12.2.jar:1.12.2]
	at org.junit.platform.engine.support.hierarchical.NodeTestTask.execute(NodeTestTask.java:95) ~[junit-platform-engine-1.12.2.jar:1.12.2]
	at java.base/java.util.ArrayList.forEach(ArrayList.java:1596) ~[na:na]
	at org.junit.platform.engine.support.hierarchical.SameThreadHierarchicalTestExecutorService.invokeAll(SameThreadHierarchicalTestExecutorService.java:41) ~[junit-platform-engine-1.12.2.jar:1.12.2]
	at org.junit.platform.engine.support.hierarchical.NodeTestTask.lambda$executeRecursively$6(NodeTestTask.java:160) ~[junit-platform-engine-1.12.2.jar:1.12.2]
	at org.junit.platform.engine.support.hierarchical.ThrowableCollector.execute(ThrowableCollector.java:73) ~[junit-platform-engine-1.12.2.jar:1.12.2]
	at org.junit.platform.engine.support.hierarchical.NodeTestTask.lambda$executeRecursively$8(NodeTestTask.java:146) ~[junit-platform-engine-1.12.2.jar:1.12.2]
	at org.junit.platform.engine.support.hierarchical.Node.around(Node.java:137) ~[junit-platform-engine-1.12.2.jar:1.12.2]
	at org.junit.platform.engine.support.hierarchical.NodeTestTask.lambda$executeRecursively$9(NodeTestTask.java:144) ~[junit-platform-engine-1.12.2.jar:1.12.2]
	at org.junit.platform.engine.support.hierarchical.ThrowableCollector.execute(ThrowableCollector.java:73) ~[junit-platform-engine-1.12.2.jar:1.12.2]
	at org.junit.platform.engine.support.hierarchical.NodeTestTask.executeRecursively(NodeTestTask.java:143) ~[junit-platform-engine-1.12.2.jar:1.12.2]
	at org.junit.platform.engine.support.hierarchical.NodeTestTask.execute(NodeTestTask.java:100) ~[junit-platform-engine-1.12.2.jar:1.12.2]
	at java.base/java.util.ArrayList.forEach(ArrayList.java:1596) ~[na:na]
	at org.junit.platform.engine.support.hierarchical.SameThreadHierarchicalTestExecutorService.invokeAll(SameThreadHierarchicalTestExecutorService.java:41) ~[junit-platform-engine-1.12.2.jar:1.12.2]
	at org.junit.platform.engine.support.hierarchical.NodeTestTask.lambda$executeRecursively$6(NodeTestTask.java:160) ~[junit-platform-engine-1.12.2.jar:1.12.2]
	at org.junit.platform.engine.support.hierarchical.ThrowableCollector.execute(ThrowableCollector.java:73) ~[junit-platform-engine-1.12.2.jar:1.12.2]
	at org.junit.platform.engine.support.hierarchical.NodeTestTask.lambda$executeRecursively$8(NodeTestTask.java:146) ~[junit-platform-engine-1.12.2.jar:1.12.2]
	at org.junit.platform.engine.support.hierarchical.Node.around(Node.java:137) ~[junit-platform-engine-1.12.2.jar:1.12.2]
	at org.junit.platform.engine.support.hierarchical.NodeTestTask.lambda$executeRecursively$9(NodeTestTask.java:144) ~[junit-platform-engine-1.12.2.jar:1.12.2]
	at org.junit.platform.engine.support.hierarchical.ThrowableCollector.execute(ThrowableCollector.java:73) ~[junit-platform-engine-1.12.2.jar:1.12.2]
	at org.junit.platform.engine.support.hierarchical.NodeTestTask.executeRecursively(NodeTestTask.java:143) ~[junit-platform-engine-1.12.2.jar:1.12.2]
	at org.junit.platform.engine.support.hierarchical.NodeTestTask.execute(NodeTestTask.java:100) ~[junit-platform-engine-1.12.2.jar:1.12.2]
	at org.junit.platform.engine.support.hierarchical.SameThreadHierarchicalTestExecutorService.submit(SameThreadHierarchicalTestExecutorService.java:35) ~[junit-platform-engine-1.12.2.jar:1.12.2]
	at org.junit.platform.engine.support.hierarchical.HierarchicalTestExecutor.execute(HierarchicalTestExecutor.java:57) ~[junit-platform-engine-1.12.2.jar:1.12.2]
	at org.junit.platform.engine.support.hierarchical.HierarchicalTestEngine.execute(HierarchicalTestEngine.java:54) ~[junit-platform-engine-1.12.2.jar:1.12.2]
	at org.junit.platform.launcher.core.EngineExecutionOrchestrator.execute(EngineExecutionOrchestrator.java:201) ~[junit-platform-launcher-1.12.2.jar:1.12.2]
	at org.junit.platform.launcher.core.EngineExecutionOrchestrator.execute(EngineExecutionOrchestrator.java:170) ~[junit-platform-launcher-1.12.2.jar:1.12.2]
	at org.junit.platform.launcher.core.EngineExecutionOrchestrator.execute(EngineExecutionOrchestrator.java:94) ~[junit-platform-launcher-1.12.2.jar:1.12.2]
	at org.junit.platform.launcher.core.EngineExecutionOrchestrator.lambda$execute$0(EngineExecutionOrchestrator.java:59) ~[junit-platform-launcher-1.12.2.jar:1.12.2]
	at org.junit.platform.launcher.core.EngineExecutionOrchestrator.withInterceptedStreams(EngineExecutionOrchestrator.java:142) ~[junit-platform-launcher-1.12.2.jar:1.12.2]
	at org.junit.platform.launcher.core.EngineExecutionOrchestrator.execute(EngineExecutionOrchestrator.java:58) ~[junit-platform-launcher-1.12.2.jar:1.12.2]
	at org.junit.platform.launcher.core.DefaultLauncher.execute(DefaultLauncher.java:103) ~[junit-platform-launcher-1.12.2.jar:1.12.2]
	at org.junit.platform.launcher.core.DefaultLauncher.execute(DefaultLauncher.java:85) ~[junit-platform-launcher-1.12.2.jar:1.12.2]
	at org.junit.platform.launcher.core.DelegatingLauncher.execute(DelegatingLauncher.java:47) ~[junit-platform-launcher-1.12.2.jar:1.12.2]
	at org.junit.platform.launcher.core.InterceptingLauncher.lambda$execute$1(InterceptingLauncher.java:39) ~[junit-platform-launcher-1.12.2.jar:1.12.2]
	at org.junit.platform.launcher.core.ClasspathAlignmentCheckingLauncherInterceptor.intercept(ClasspathAlignmentCheckingLauncherInterceptor.java:25) ~[junit-platform-launcher-1.12.2.jar:1.12.2]
	at org.junit.platform.launcher.core.InterceptingLauncher.execute(InterceptingLauncher.java:38) ~[junit-platform-launcher-1.12.2.jar:1.12.2]
	at org.junit.platform.launcher.core.DelegatingLauncher.execute(DelegatingLauncher.java:47) ~[junit-platform-launcher-1.12.2.jar:1.12.2]
	at org.apache.maven.surefire.junitplatform.LazyLauncher.execute(LazyLauncher.java:56) ~[surefire-junit-platform-3.5.3.jar:3.5.3]
	at org.apache.maven.surefire.junitplatform.JUnitPlatformProvider.execute(JUnitPlatformProvider.java:194) ~[surefire-junit-platform-3.5.3.jar:3.5.3]
	at org.apache.maven.surefire.junitplatform.JUnitPlatformProvider.invokeAllTests(JUnitPlatformProvider.java:150) ~[surefire-junit-platform-3.5.3.jar:3.5.3]
	at org.apache.maven.surefire.junitplatform.JUnitPlatformProvider.invoke(JUnitPlatformProvider.java:124) ~[surefire-junit-platform-3.5.3.jar:3.5.3]
	at org.apache.maven.surefire.booter.ForkedBooter.runSuitesInProcess(ForkedBooter.java:385) ~[surefire-booter-3.5.3.jar:3.5.3]
	at org.apache.maven.surefire.booter.ForkedBooter.execute(ForkedBooter.java:162) ~[surefire-booter-3.5.3.jar:3.5.3]
	at org.apache.maven.surefire.booter.ForkedBooter.run(ForkedBooter.java:507) ~[surefire-booter-3.5.3.jar:3.5.3]
	at org.apache.maven.surefire.booter.ForkedBooter.main(ForkedBooter.java:495) ~[surefire-booter-3.5.3.jar:3.5.3]
Caused by: org.springframework.beans.factory.UnsatisfiedDependencyException: Error creating bean with name 'recommendServiceImpl': Unsatisfied dependency expressed through field 'calculateSimilarityRepository': No qualifying bean of type 'org.powernode.springboot.repository.CalculateSimilarityRepository' available: expected at least 1 bean which qualifies as autowire candidate. Dependency annotations: {@org.springframework.beans.factory.annotation.Autowired(required=true)}
	at org.springframework.beans.factory.annotation.AutowiredAnnotationBeanPostProcessor$AutowiredFieldElement.resolveFieldValue(AutowiredAnnotationBeanPostProcessor.java:788) ~[spring-beans-6.2.9.jar:6.2.9]
	at org.springframework.beans.factory.annotation.AutowiredAnnotationBeanPostProcessor$AutowiredFieldElement.inject(AutowiredAnnotationBeanPostProcessor.java:768) ~[spring-beans-6.2.9.jar:6.2.9]
	at org.springframework.beans.factory.annotation.InjectionMetadata.inject(InjectionMetadata.java:146) ~[spring-beans-6.2.9.jar:6.2.9]
	at org.springframework.beans.factory.annotation.AutowiredAnnotationBeanPostProcessor.postProcessProperties(AutowiredAnnotationBeanPostProcessor.java:509) ~[spring-beans-6.2.9.jar:6.2.9]
	at org.springframework.beans.factory.support.AbstractAutowireCapableBeanFactory.populateBean(AbstractAutowireCapableBeanFactory.java:1459) ~[spring-beans-6.2.9.jar:6.2.9]
	at org.springframework.beans.factory.support.AbstractAutowireCapableBeanFactory.doCreateBean(AbstractAutowireCapableBeanFactory.java:606) ~[spring-beans-6.2.9.jar:6.2.9]
	at org.springframework.beans.factory.support.AbstractAutowireCapableBeanFactory.createBean(AbstractAutowireCapableBeanFactory.java:529) ~[spring-beans-6.2.9.jar:6.2.9]
	at org.springframework.beans.factory.support.AbstractBeanFactory.lambda$doGetBean$0(AbstractBeanFactory.java:339) ~[spring-beans-6.2.9.jar:6.2.9]
	at org.springframework.beans.factory.support.DefaultSingletonBeanRegistry.getSingleton(DefaultSingletonBeanRegistry.java:373) ~[spring-beans-6.2.9.jar:6.2.9]
	at org.springframework.beans.factory.support.AbstractBeanFactory.doGetBean(AbstractBeanFactory.java:337) ~[spring-beans-6.2.9.jar:6.2.9]
	at org.springframework.beans.factory.support.AbstractBeanFactory.getBean(AbstractBeanFactory.java:202) ~[spring-beans-6.2.9.jar:6.2.9]
	at org.springframework.beans.factory.support.DefaultListableBeanFactory.instantiateSingleton(DefaultListableBeanFactory.java:1222) ~[spring-beans-6.2.9.jar:6.2.9]
	at org.springframework.beans.factory.support.DefaultListableBeanFactory.preInstantiateSingleton(DefaultListableBeanFactory.java:1188) ~[spring-beans-6.2.9.jar:6.2.9]
	at org.springframework.beans.factory.support.DefaultListableBeanFactory.preInstantiateSingletons(DefaultListableBeanFactory.java:1123) ~[spring-beans-6.2.9.jar:6.2.9]
	at org.springframework.context.support.AbstractApplicationContext.finishBeanFactoryInitialization(AbstractApplicationContext.java:987) ~[spring-context-6.2.9.jar:6.2.9]
	at org.springframework.context.support.AbstractApplicationContext.refresh(AbstractApplicationContext.java:627) ~[spring-context-6.2.9.jar:6.2.9]
	at org.springframework.boot.SpringApplication.refresh(SpringApplication.java:752) ~[spring-boot-3.5.4.jar:3.5.4]
	at org.springframework.boot.SpringApplication.refreshContext(SpringApplication.java:439) ~[spring-boot-3.5.4.jar:3.5.4]
	at org.springframework.boot.SpringApplication.run(SpringApplication.java:318) ~[spring-boot-3.5.4.jar:3.5.4]
	at org.springframework.boot.test.context.SpringBootContextLoader.lambda$loadContext$3(SpringBootContextLoader.java:144) ~[spring-boot-test-3.5.4.jar:3.5.4]
	at org.springframework.util.function.ThrowingSupplier.get(ThrowingSupplier.java:58) ~[spring-core-6.2.9.jar:6.2.9]
	at org.springframework.util.function.ThrowingSupplier.get(ThrowingSupplier.java:46) ~[spring-core-6.2.9.jar:6.2.9]
	at org.springframework.boot.SpringApplication.withHook(SpringApplication.java:1461) ~[spring-boot-3.5.4.jar:3.5.4]
	at org.springframework.boot.test.context.SpringBootContextLoader$ContextLoaderHook.run(SpringBootContextLoader.java:563) ~[spring-boot-test-3.5.4.jar:3.5.4]
	at org.springframework.boot.test.context.SpringBootContextLoader.loadContext(SpringBootContextLoader.java:144) ~[spring-boot-test-3.5.4.jar:3.5.4]
	at org.springframework.boot.test.context.SpringBootContextLoader.loadContext(SpringBootContextLoader.java:110) ~[spring-boot-test-3.5.4.jar:3.5.4]
	at org.springframework.test.context.cache.DefaultCacheAwareContextLoaderDelegate.loadContextInternal(DefaultCacheAwareContextLoaderDelegate.java:225) ~[spring-test-6.2.9.jar:6.2.9]
	at org.springframework.test.context.cache.DefaultCacheAwareContextLoaderDelegate.loadContext(DefaultCacheAwareContextLoaderDelegate.java:152) ~[spring-test-6.2.9.jar:6.2.9]
	... 79 common frames omitted
Caused by: org.springframework.beans.factory.NoSuchBeanDefinitionException: No qualifying bean of type 'org.powernode.springboot.repository.CalculateSimilarityRepository' available: expected at least 1 bean which qualifies as autowire candidate. Dependency annotations: {@org.springframework.beans.factory.annotation.Autowired(required=true)}
	at org.springframework.beans.factory.support.DefaultListableBeanFactory.raiseNoMatchingBeanFound(DefaultListableBeanFactory.java:2284) ~[spring-beans-6.2.9.jar:6.2.9]
	at org.springframework.beans.factory.support.DefaultListableBeanFactory.doResolveDependency(DefaultListableBeanFactory.java:1708) ~[spring-beans-6.2.9.jar:6.2.9]
	at org.springframework.beans.factory.support.DefaultListableBeanFactory.resolveDependency(DefaultListableBeanFactory.java:1628) ~[spring-beans-6.2.9.jar:6.2.9]
	at org.springframework.beans.factory.annotation.AutowiredAnnotationBeanPostProcessor$AutowiredFieldElement.resolveFieldValue(AutowiredAnnotationBeanPostProcessor.java:785) ~[spring-beans-6.2.9.jar:6.2.9]
	... 106 common frames omitted

2025-10-24T20:47:06.160+08:00  WARN 17864 --- [LibrarySystem] [main] o.s.test.context.TestContextManager      : Caught exception while allowing TestExecutionListener [org.springframework.test.context.web.ServletTestExecutionListener] to prepare test instance [org.powernode.springboot.LibrarySystemApplicationTests@73db7df0]

java.lang.IllegalStateException: ApplicationContext failure threshold (1) exceeded: skipping repeated attempt to load context for [WebMergedContextConfiguration@13809363 testClass = org.powernode.springboot.LibrarySystemApplicationTests, locations = [], classes = [org.powernode.springboot.LibrarySystemApplication], contextInitializerClasses = [], activeProfiles = [], propertySourceDescriptors = [], propertySourceProperties = ["org.springframework.boot.test.context.SpringBootTestContextBootstrapper=true"], contextCustomizers = [org.springframework.boot.test.context.filter.ExcludeFilterContextCustomizer@456d6c1e, org.springframework.boot.test.json.DuplicateJsonObjectContextCustomizerFactory$DuplicateJsonObjectContextCustomizer@6f8e8894, org.springframework.boot.test.mock.mockito.MockitoContextCustomizer@0, org.springframework.boot.test.web.client.TestRestTemplateContextCustomizer@2415fc55, org.springframework.boot.test.web.reactor.netty.DisableReactorResourceFactoryGlobalResourcesContextCustomizerFactory$DisableReactorResourceFactoryGlobalResourcesContextCustomizerCustomizer@42e25b0b, org.springframework.boot.test.autoconfigure.OnFailureConditionReportContextCustomizerFactory$OnFailureConditionReportContextCustomizer@2205a05d, org.springframework.boot.test.autoconfigure.actuate.observability.ObservabilityContextCustomizerFactory$DisableObservabilityContextCustomizer@1f, org.springframework.boot.test.autoconfigure.properties.PropertyMappingContextCustomizer@0, org.springframework.boot.test.autoconfigure.web.servlet.WebDriverContextCustomizer@5456afaa, org.springframework.test.context.support.DynamicPropertiesContextCustomizer@0, org.springframework.boot.test.context.SpringBootTestAnnotation@5834d4cc], resourceBasePath = "src/main/webapp", contextLoader = org.springframework.boot.test.context.SpringBootContextLoader, parent = null]
	at org.springframework.test.context.cache.DefaultCacheAwareContextLoaderDelegate.loadContext(DefaultCacheAwareContextLoaderDelegate.java:145) ~[spring-test-6.2.9.jar:6.2.9]
	at org.springframework.test.context.support.DefaultTestContext.getApplicationContext(DefaultTestContext.java:130) ~[spring-test-6.2.9.jar:6.2.9]
	at org.springframework.test.context.web.ServletTestExecutionListener.setUpRequestContextIfNecessary(ServletTestExecutionListener.java:200) ~[spring-test-6.2.9.jar:6.2.9]
	at org.springframework.test.context.web.ServletTestExecutionListener.prepareTestInstance(ServletTestExecutionListener.java:139) ~[spring-test-6.2.9.jar:6.2.9]
	at org.springframework.test.context.TestContextManager.prepareTestInstance(TestContextManager.java:260) ~[spring-test-6.2.9.jar:6.2.9]
	at org.springframework.test.context.junit.jupiter.SpringExtension.postProcessTestInstance(SpringExtension.java:159) ~[spring-test-6.2.9.jar:6.2.9]
	at org.junit.jupiter.engine.descriptor.ClassBasedTestDescriptor.lambda$invokeTestInstancePostProcessors$10(ClassBasedTestDescriptor.java:383) ~[junit-jupiter-engine-5.12.2.jar:5.12.2]
	at org.junit.jupiter.engine.descriptor.ClassBasedTestDescriptor.executeAndMaskThrowable(ClassBasedTestDescriptor.java:388) ~[junit-jupiter-engine-5.12.2.jar:5.12.2]
	at org.junit.jupiter.engine.descriptor.ClassBasedTestDescriptor.lambda$invokeTestInstancePostProcessors$11(ClassBasedTestDescriptor.java:382) ~[junit-jupiter-engine-5.12.2.jar:5.12.2]
	at java.base/java.util.stream.ForEachOps$ForEachOp$OfRef.accept(ForEachOps.java:184) ~[na:na]
	at java.base/java.util.stream.ReferencePipeline$3$1.accept(ReferencePipeline.java:197) ~[na:na]
	at java.base/java.util.stream.ReferencePipeline$2$1.accept(ReferencePipeline.java:179) ~[na:na]
	at java.base/java.util.stream.ReferencePipeline$3$1.accept(ReferencePipeline.java:197) ~[na:na]
	at java.base/java.util.ArrayList$ArrayListSpliterator.forEachRemaining(ArrayList.java:1708) ~[na:na]
	at java.base/java.util.stream.AbstractPipeline.copyInto(AbstractPipeline.java:509) ~[na:na]
	at java.base/java.util.stream.AbstractPipeline.wrapAndCopyInto(AbstractPipeline.java:499) ~[na:na]
	at java.base/java.util.stream.ForEachOps$ForEachOp.evaluateSequential(ForEachOps.java:151) ~[na:na]
	at java.base/java.util.stream.ForEachOps$ForEachOp$OfRef.evaluateSequential(ForEachOps.java:174) ~[na:na]
	at java.base/java.util.stream.AbstractPipeline.evaluate(AbstractPipeline.java:234) ~[na:na]
	at java.base/java.util.stream.ReferencePipeline.forEach(ReferencePipeline.java:596) ~[na:na]
	at org.junit.jupiter.engine.descriptor.ClassBasedTestDescriptor.invokeTestInstancePostProcessors(ClassBasedTestDescriptor.java:382) ~[junit-jupiter-engine-5.12.2.jar:5.12.2]
	at org.junit.jupiter.engine.descriptor.ClassBasedTestDescriptor.lambda$instantiateAndPostProcessTestInstance$6(ClassBasedTestDescriptor.java:293) ~[junit-jupiter-engine-5.12.2.jar:5.12.2]
	at org.junit.platform.engine.support.hierarchical.ThrowableCollector.execute(ThrowableCollector.java:73) ~[junit-platform-engine-1.12.2.jar:1.12.2]
	at org.junit.jupiter.engine.descriptor.ClassBasedTestDescriptor.instantiateAndPostProcessTestInstance(ClassBasedTestDescriptor.java:292) ~[junit-jupiter-engine-5.12.2.jar:5.12.2]
	at org.junit.jupiter.engine.descriptor.ClassBasedTestDescriptor.lambda$testInstancesProvider$4(ClassBasedTestDescriptor.java:281) ~[junit-jupiter-engine-5.12.2.jar:5.12.2]
	at java.base/java.util.Optional.orElseGet(Optional.java:364) ~[na:na]
	at org.junit.jupiter.engine.descriptor.ClassBasedTestDescriptor.lambda$testInstancesProvider$5(ClassBasedTestDescriptor.java:280) ~[junit-jupiter-engine-5.12.2.jar:5.12.2]
	at org.junit.jupiter.engine.execution.TestInstancesProvider.getTestInstances(TestInstancesProvider.java:27) ~[junit-jupiter-engine-5.12.2.jar:5.12.2]
	at org.junit.jupiter.engine.descriptor.TestMethodTestDescriptor.lambda$prepare$0(TestMethodTestDescriptor.java:112) ~[junit-jupiter-engine-5.12.2.jar:5.12.2]
	at org.junit.platform.engine.support.hierarchical.ThrowableCollector.execute(ThrowableCollector.java:73) ~[junit-platform-engine-1.12.2.jar:1.12.2]
	at org.junit.jupiter.engine.descriptor.TestMethodTestDescriptor.prepare(TestMethodTestDescriptor.java:111) ~[junit-jupiter-engine-5.12.2.jar:5.12.2]
	at org.junit.jupiter.engine.descriptor.TestMethodTestDescriptor.prepare(TestMethodTestDescriptor.java:69) ~[junit-jupiter-engine-5.12.2.jar:5.12.2]
	at org.junit.platform.engine.support.hierarchical.NodeTestTask.lambda$prepare$2(NodeTestTask.java:128) ~[junit-platform-engine-1.12.2.jar:1.12.2]
	at org.junit.platform.engine.support.hierarchical.ThrowableCollector.execute(ThrowableCollector.java:73) ~[junit-platform-engine-1.12.2.jar:1.12.2]
	at org.junit.platform.engine.support.hierarchical.NodeTestTask.prepare(NodeTestTask.java:128) ~[junit-platform-engine-1.12.2.jar:1.12.2]
	at org.junit.platform.engine.support.hierarchical.NodeTestTask.execute(NodeTestTask.java:95) ~[junit-platform-engine-1.12.2.jar:1.12.2]
	at java.base/java.util.ArrayList.forEach(ArrayList.java:1596) ~[na:na]
	at org.junit.platform.engine.support.hierarchical.SameThreadHierarchicalTestExecutorService.invokeAll(SameThreadHierarchicalTestExecutorService.java:41) ~[junit-platform-engine-1.12.2.jar:1.12.2]
	at org.junit.platform.engine.support.hierarchical.NodeTestTask.lambda$executeRecursively$6(NodeTestTask.java:160) ~[junit-platform-engine-1.12.2.jar:1.12.2]
	at org.junit.platform.engine.support.hierarchical.ThrowableCollector.execute(ThrowableCollector.java:73) ~[junit-platform-engine-1.12.2.jar:1.12.2]
	at org.junit.platform.engine.support.hierarchical.NodeTestTask.lambda$executeRecursively$8(NodeTestTask.java:146) ~[junit-platform-engine-1.12.2.jar:1.12.2]
	at org.junit.platform.engine.support.hierarchical.Node.around(Node.java:137) ~[junit-platform-engine-1.12.2.jar:1.12.2]
	at org.junit.platform.engine.support.hierarchical.NodeTestTask.lambda$executeRecursively$9(NodeTestTask.java:144) ~[junit-platform-engine-1.12.2.jar:1.12.2]
	at org.junit.platform.engine.support.hierarchical.ThrowableCollector.execute(ThrowableCollector.java:73) ~[junit-platform-engine-1.12.2.jar:1.12.2]
	at org.junit.platform.engine.support.hierarchical.NodeTestTask.executeRecursively(NodeTestTask.java:143) ~[junit-platform-engine-1.12.2.jar:1.12.2]
	at org.junit.platform.engine.support.hierarchical.NodeTestTask.execute(NodeTestTask.java:100) ~[junit-platform-engine-1.12.2.jar:1.12.2]
	at java.base/java.util.ArrayList.forEach(ArrayList.java:1596) ~[na:na]
	at org.junit.platform.engine.support.hierarchical.SameThreadHierarchicalTestExecutorService.invokeAll(SameThreadHierarchicalTestExecutorService.java:41) ~[junit-platform-engine-1.12.2.jar:1.12.2]
	at org.junit.platform.engine.support.hierarchical.NodeTestTask.lambda$executeRecursively$6(NodeTestTask.java:160) ~[junit-platform-engine-1.12.2.jar:1.12.2]
	at org.junit.platform.engine.support.hierarchical.ThrowableCollector.execute(ThrowableCollector.java:73) ~[junit-platform-engine-1.12.2.jar:1.12.2]
	at org.junit.platform.engine.support.hierarchical.NodeTestTask.lambda$executeRecursively$8(NodeTestTask.java:146) ~[junit-platform-engine-1.12.2.jar:1.12.2]
	at org.junit.platform.engine.support.hierarchical.Node.around(Node.java:137) ~[junit-platform-engine-1.12.2.jar:1.12.2]
	at org.junit.platform.engine.support.hierarchical.NodeTestTask.lambda$executeRecursively$9(NodeTestTask.java:144) ~[junit-platform-engine-1.12.2.jar:1.12.2]
	at org.junit.platform.engine.support.hierarchical.ThrowableCollector.execute(ThrowableCollector.java:73) ~[junit-platform-engine-1.12.2.jar:1.12.2]
	at org.junit.platform.engine.support.hierarchical.NodeTestTask.executeRecursively(NodeTestTask.java:143) ~[junit-platform-engine-1.12.2.jar:1.12.2]
	at org.junit.platform.engine.support.hierarchical.NodeTestTask.execute(NodeTestTask.java:100) ~[junit-platform-engine-1.12.2.jar:1.12.2]
	at org.junit.platform.engine.support.hierarchical.SameThreadHierarchicalTestExecutorService.submit(SameThreadHierarchicalTestExecutorService.java:35) ~[junit-platform-engine-1.12.2.jar:1.12.2]
	at org.junit.platform.engine.support.hierarchical.HierarchicalTestExecutor.execute(HierarchicalTestExecutor.java:57) ~[junit-platform-engine-1.12.2.jar:1.12.2]
	at org.junit.platform.engine.support.hierarchical.HierarchicalTestEngine.execute(HierarchicalTestEngine.java:54) ~[junit-platform-engine-1.12.2.jar:1.12.2]
	at org.junit.platform.launcher.core.EngineExecutionOrchestrator.execute(EngineExecutionOrchestrator.java:201) ~[junit-platform-launcher-1.12.2.jar:1.12.2]
	at org.junit.platform.launcher.core.EngineExecutionOrchestrator.execute(EngineExecutionOrchestrator.java:170) ~[junit-platform-launcher-1.12.2.jar:1.12.2]
	at org.junit.platform.launcher.core.EngineExecutionOrchestrator.execute(EngineExecutionOrchestrator.java:94) ~[junit-platform-launcher-1.12.2.jar:1.12.2]
	at org.junit.platform.launcher.core.EngineExecutionOrchestrator.lambda$execute$0(EngineExecutionOrchestrator.java:59) ~[junit-platform-launcher-1.12.2.jar:1.12.2]
	at org.junit.platform.launcher.core.EngineExecutionOrchestrator.withInterceptedStreams(EngineExecutionOrchestrator.java:142) ~[junit-platform-launcher-1.12.2.jar:1.12.2]
	at org.junit.platform.launcher.core.EngineExecutionOrchestrator.execute(EngineExecutionOrchestrator.java:58) ~[junit-platform-launcher-1.12.2.jar:1.12.2]
	at org.junit.platform.launcher.core.DefaultLauncher.execute(DefaultLauncher.java:103) ~[junit-platform-launcher-1.12.2.jar:1.12.2]
	at org.junit.platform.launcher.core.DefaultLauncher.execute(DefaultLauncher.java:85) ~[junit-platform-launcher-1.12.2.jar:1.12.2]
	at org.junit.platform.launcher.core.DelegatingLauncher.execute(DelegatingLauncher.java:47) ~[junit-platform-launcher-1.12.2.jar:1.12.2]
	at org.junit.platform.launcher.core.InterceptingLauncher.lambda$execute$1(InterceptingLauncher.java:39) ~[junit-platform-launcher-1.12.2.jar:1.12.2]
	at org.junit.platform.launcher.core.ClasspathAlignmentCheckingLauncherInterceptor.intercept(ClasspathAlignmentCheckingLauncherInterceptor.java:25) ~[junit-platform-launcher-1.12.2.jar:1.12.2]
	at org.junit.platform.launcher.core.InterceptingLauncher.execute(InterceptingLauncher.java:38) ~[junit-platform-launcher-1.12.2.jar:1.12.2]
	at org.junit.platform.launcher.core.DelegatingLauncher.execute(DelegatingLauncher.java:47) ~[junit-platform-launcher-1.12.2.jar:1.12.2]
	at org.apache.maven.surefire.junitplatform.LazyLauncher.execute(LazyLauncher.java:56) ~[surefire-junit-platform-3.5.3.jar:3.5.3]
	at org.apache.maven.surefire.junitplatform.JUnitPlatformProvider.execute(JUnitPlatformProvider.java:194) ~[surefire-junit-platform-3.5.3.jar:3.5.3]
	at org.apache.maven.surefire.junitplatform.JUnitPlatformProvider.invokeAllTests(JUnitPlatformProvider.java:150) ~[surefire-junit-platform-3.5.3.jar:3.5.3]
	at org.apache.maven.surefire.junitplatform.JUnitPlatformProvider.invoke(JUnitPlatformProvider.java:124) ~[surefire-junit-platform-3.5.3.jar:3.5.3]
	at org.apache.maven.surefire.booter.ForkedBooter.runSuitesInProcess(ForkedBooter.java:385) ~[surefire-booter-3.5.3.jar:3.5.3]
	at org.apache.maven.surefire.booter.ForkedBooter.execute(ForkedBooter.java:162) ~[surefire-booter-3.5.3.jar:3.5.3]
	at org.apache.maven.surefire.booter.ForkedBooter.run(ForkedBooter.java:507) ~[surefire-booter-3.5.3.jar:3.5.3]
	at org.apache.maven.surefire.booter.ForkedBooter.main(ForkedBooter.java:495) ~[surefire-booter-3.5.3.jar:3.5.3]

2025-10-24T20:50:22.818+08:00  INFO 27920 --- [LibrarySystem] [main] o.p.s.LibrarySystemApplicationTests      : Starting LibrarySystemApplicationTests using Java 21.0.7 with PID 27920 (started by lenovo in E:\ideaTry\LibrarySystem)
2025-10-24T20:50:22.819+08:00 DEBUG 27920 --- [LibrarySystem] [main] o.p.s.LibrarySystemApplicationTests      : Running with Spring Boot v3.5.4, Spring v6.2.9
2025-10-24T20:50:22.820+08:00  INFO 27920 --- [LibrarySystem] [main] o.p.s.LibrarySystemApplicationTests      : The following 1 profile is active: "dev"
2025-10-24T20:50:23.792+08:00  INFO 27920 --- [LibrarySystem] [main] .s.d.r.c.RepositoryConfigurationDelegate : Multiple Spring Data modules found, entering strict repository configuration mode
2025-10-24T20:50:23.794+08:00  INFO 27920 --- [LibrarySystem] [main] .s.d.r.c.RepositoryConfigurationDelegate : Bootstrapping Spring Data Neo4j repositories in DEFAULT mode.
2025-10-24T20:50:23.914+08:00  INFO 27920 --- [LibrarySystem] [main] .s.d.r.c.RepositoryConfigurationDelegate : Finished Spring Data repository scanning in 113 ms. Found 0 Neo4j repository interfaces.
2025-10-24T20:50:23.921+08:00  INFO 27920 --- [LibrarySystem] [main] .s.d.r.c.RepositoryConfigurationDelegate : Multiple Spring Data modules found, entering strict repository configuration mode
2025-10-24T20:50:23.922+08:00  INFO 27920 --- [LibrarySystem] [main] .s.d.r.c.RepositoryConfigurationDelegate : Bootstrapping Spring Data Neo4j repositories in DEFAULT mode.
2025-10-24T20:50:23.972+08:00  INFO 27920 --- [LibrarySystem] [main] .s.d.r.c.RepositoryConfigurationDelegate : Finished Spring Data repository scanning in 48 ms. Found 5 Neo4j repository interfaces.
2025-10-24T20:50:23.990+08:00  INFO 27920 --- [LibrarySystem] [main] .s.d.r.c.RepositoryConfigurationDelegate : Multiple Spring Data modules found, entering strict repository configuration mode
2025-10-24T20:50:23.991+08:00  INFO 27920 --- [LibrarySystem] [main] .s.d.r.c.RepositoryConfigurationDelegate : Bootstrapping Spring Data Redis repositories in DEFAULT mode.
2025-10-24T20:50:24.015+08:00  INFO 27920 --- [LibrarySystem] [main] .RepositoryConfigurationExtensionSupport : Spring Data Redis - Could not safely identify store assignment for repository candidate interface org.powernode.springboot.repository.AccountRepository; If you want this repository to be a Redis repository, consider annotating your entities with one of these annotations: org.springframework.data.redis.core.RedisHash (preferred), or consider extending one of the following types with your repository: org.springframework.data.keyvalue.repository.KeyValueRepository
2025-10-24T20:50:24.015+08:00  INFO 27920 --- [LibrarySystem] [main] .RepositoryConfigurationExtensionSupport : Spring Data Redis - Could not safely identify store assignment for repository candidate interface org.powernode.springboot.repository.AuthorRepository; If you want this repository to be a Redis repository, consider annotating your entities with one of these annotations: org.springframework.data.redis.core.RedisHash (preferred), or consider extending one of the following types with your repository: org.springframework.data.keyvalue.repository.KeyValueRepository
2025-10-24T20:50:24.015+08:00  INFO 27920 --- [LibrarySystem] [main] .RepositoryConfigurationExtensionSupport : Spring Data Redis - Could not safely identify store assignment for repository candidate interface org.powernode.springboot.repository.BookRepository; If you want this repository to be a Redis repository, consider annotating your entities with one of these annotations: org.springframework.data.redis.core.RedisHash (preferred), or consider extending one of the following types with your repository: org.springframework.data.keyvalue.repository.KeyValueRepository
2025-10-24T20:50:24.016+08:00  INFO 27920 --- [LibrarySystem] [main] .RepositoryConfigurationExtensionSupport : Spring Data Redis - Could not safely identify store assignment for repository candidate interface org.powernode.springboot.repository.CalculateSimilarityRepository; If you want this repository to be a Redis repository, consider annotating your entities with one of these annotations: org.springframework.data.redis.core.RedisHash (preferred), or consider extending one of the following types with your repository: org.springframework.data.keyvalue.repository.KeyValueRepository
2025-10-24T20:50:24.016+08:00  INFO 27920 --- [LibrarySystem] [main] .RepositoryConfigurationExtensionSupport : Spring Data Redis - Could not safely identify store assignment for repository candidate interface org.powernode.springboot.repository.TypeRepository; If you want this repository to be a Redis repository, consider annotating your entities with one of these annotations: org.springframework.data.redis.core.RedisHash (preferred), or consider extending one of the following types with your repository: org.springframework.data.keyvalue.repository.KeyValueRepository
2025-10-24T20:50:24.016+08:00  INFO 27920 --- [LibrarySystem] [main] .s.d.r.c.RepositoryConfigurationDelegate : Finished Spring Data repository scanning in 16 ms. Found 0 Redis repository interfaces.
2025-10-24T20:50:24.185+08:00 DEBUG 27920 --- [LibrarySystem] [main] org.apache.ibatis.logging.LogFactory     : Logging initialized using 'class org.apache.ibatis.logging.slf4j.Slf4jImpl' adapter.
2025-10-24T20:50:24.188+08:00 DEBUG 27920 --- [LibrarySystem] [main] o.m.s.mapper.ClassPathMapperScanner      : Ignored because not a concrete top-level class: file [E:\ideaTry\LibrarySystem\target\classes\org\powernode\springboot\mapper\database\BalanceNotEnoughError.class]
2025-10-24T20:50:24.189+08:00 DEBUG 27920 --- [LibrarySystem] [main] o.m.s.mapper.ClassPathMapperScanner      : Identified candidate component class: file [E:\ideaTry\LibrarySystem\target\classes\org\powernode\springboot\mapper\database\BookMapper.class]
2025-10-24T20:50:24.189+08:00 DEBUG 27920 --- [LibrarySystem] [main] o.m.s.mapper.ClassPathMapperScanner      : Identified candidate component class: file [E:\ideaTry\LibrarySystem\target\classes\org\powernode\springboot\mapper\database\BooksMapper.class]
2025-10-24T20:50:24.189+08:00 DEBUG 27920 --- [LibrarySystem] [main] o.m.s.mapper.ClassPathMapperScanner      : Identified candidate component class: file [E:\ideaTry\LibrarySystem\target\classes\org\powernode\springboot\mapper\database\BorrowTimeMapper.class]
2025-10-24T20:50:24.189+08:00 DEBUG 27920 --- [LibrarySystem] [main] o.m.s.mapper.ClassPathMapperScanner      : Identified candidate component class: file [E:\ideaTry\LibrarySystem\target\classes\org\powernode\springboot\mapper\database\ManagerMapper.class]
2025-10-24T20:50:24.189+08:00 DEBUG 27920 --- [LibrarySystem] [main] o.m.s.mapper.ClassPathMapperScanner      : Identified candidate component class: file [E:\ideaTry\LibrarySystem\target\classes\org\powernode\springboot\mapper\database\OrdersMapper.class]
2025-10-24T20:50:24.190+08:00 DEBUG 27920 --- [LibrarySystem] [main] o.m.s.mapper.ClassPathMapperScanner      : Identified candidate component class: file [E:\ideaTry\LibrarySystem\target\classes\org\powernode\springboot\mapper\database\ProcessBookMapper.class]
2025-10-24T20:50:24.190+08:00 DEBUG 27920 --- [LibrarySystem] [main] o.m.s.mapper.ClassPathMapperScanner      : Identified candidate component class: file [E:\ideaTry\LibrarySystem\target\classes\org\powernode\springboot\mapper\database\PurchaseBooksMapper.class]
2025-10-24T20:50:24.190+08:00 DEBUG 27920 --- [LibrarySystem] [main] o.m.s.mapper.ClassPathMapperScanner      : Identified candidate component class: file [E:\ideaTry\LibrarySystem\target\classes\org\powernode\springboot\mapper\database\ScoreMapper.class]
2025-10-24T20:50:24.190+08:00 DEBUG 27920 --- [LibrarySystem] [main] o.m.s.mapper.ClassPathMapperScanner      : Identified candidate component class: file [E:\ideaTry\LibrarySystem\target\classes\org\powernode\springboot\mapper\database\UserMapper.class]
2025-10-24T20:50:24.192+08:00 DEBUG 27920 --- [LibrarySystem] [main] o.m.s.mapper.ClassPathMapperScanner      : Creating MapperFactoryBean with name 'bookMapper' and 'org.powernode.springboot.mapper.database.BookMapper' mapperInterface
2025-10-24T20:50:24.196+08:00 DEBUG 27920 --- [LibrarySystem] [main] o.m.s.mapper.ClassPathMapperScanner      : Enabling autowire by type for MapperFactoryBean with name 'bookMapper'.
2025-10-24T20:50:24.196+08:00 DEBUG 27920 --- [LibrarySystem] [main] o.m.s.mapper.ClassPathMapperScanner      : Creating MapperFactoryBean with name 'booksMapper' and 'org.powernode.springboot.mapper.database.BooksMapper' mapperInterface
2025-10-24T20:50:24.196+08:00 DEBUG 27920 --- [LibrarySystem] [main] o.m.s.mapper.ClassPathMapperScanner      : Enabling autowire by type for MapperFactoryBean with name 'booksMapper'.
2025-10-24T20:50:24.196+08:00 DEBUG 27920 --- [LibrarySystem] [main] o.m.s.mapper.ClassPathMapperScanner      : Creating MapperFactoryBean with name 'borrowTimeMapper' and 'org.powernode.springboot.mapper.database.BorrowTimeMapper' mapperInterface
2025-10-24T20:50:24.198+08:00 DEBUG 27920 --- [LibrarySystem] [main] o.m.s.mapper.ClassPathMapperScanner      : Enabling autowire by type for MapperFactoryBean with name 'borrowTimeMapper'.
2025-10-24T20:50:24.198+08:00 DEBUG 27920 --- [LibrarySystem] [main] o.m.s.mapper.ClassPathMapperScanner      : Creating MapperFactoryBean with name 'managerMapper' and 'org.powernode.springboot.mapper.database.ManagerMapper' mapperInterface
2025-10-24T20:50:24.198+08:00 DEBUG 27920 --- [LibrarySystem] [main] o.m.s.mapper.ClassPathMapperScanner      : Enabling autowire by type for MapperFactoryBean with name 'managerMapper'.
2025-10-24T20:50:24.199+08:00 DEBUG 27920 --- [LibrarySystem] [main] o.m.s.mapper.ClassPathMapperScanner      : Creating MapperFactoryBean with name 'ordersMapper' and 'org.powernode.springboot.mapper.database.OrdersMapper' mapperInterface
2025-10-24T20:50:24.199+08:00 DEBUG 27920 --- [LibrarySystem] [main] o.m.s.mapper.ClassPathMapperScanner      : Enabling autowire by type for MapperFactoryBean with name 'ordersMapper'.
2025-10-24T20:50:24.199+08:00 DEBUG 27920 --- [LibrarySystem] [main] o.m.s.mapper.ClassPathMapperScanner      : Creating MapperFactoryBean with name 'processBookMapper' and 'org.powernode.springboot.mapper.database.ProcessBookMapper' mapperInterface
2025-10-24T20:50:24.200+08:00 DEBUG 27920 --- [LibrarySystem] [main] o.m.s.mapper.ClassPathMapperScanner      : Enabling autowire by type for MapperFactoryBean with name 'processBookMapper'.
2025-10-24T20:50:24.200+08:00 DEBUG 27920 --- [LibrarySystem] [main] o.m.s.mapper.ClassPathMapperScanner      : Creating MapperFactoryBean with name 'purchaseBooksMapper' and 'org.powernode.springboot.mapper.database.PurchaseBooksMapper' mapperInterface
2025-10-24T20:50:24.200+08:00 DEBUG 27920 --- [LibrarySystem] [main] o.m.s.mapper.ClassPathMapperScanner      : Enabling autowire by type for MapperFactoryBean with name 'purchaseBooksMapper'.
2025-10-24T20:50:24.200+08:00 DEBUG 27920 --- [LibrarySystem] [main] o.m.s.mapper.ClassPathMapperScanner      : Creating MapperFactoryBean with name 'scoreMapper' and 'org.powernode.springboot.mapper.database.ScoreMapper' mapperInterface
2025-10-24T20:50:24.201+08:00 DEBUG 27920 --- [LibrarySystem] [main] o.m.s.mapper.ClassPathMapperScanner      : Enabling autowire by type for MapperFactoryBean with name 'scoreMapper'.
2025-10-24T20:50:24.201+08:00 DEBUG 27920 --- [LibrarySystem] [main] o.m.s.mapper.ClassPathMapperScanner      : Creating MapperFactoryBean with name 'userMapper' and 'org.powernode.springboot.mapper.database.UserMapper' mapperInterface
2025-10-24T20:50:24.201+08:00 DEBUG 27920 --- [LibrarySystem] [main] o.m.s.mapper.ClassPathMapperScanner      : Enabling autowire by type for MapperFactoryBean with name 'userMapper'.
2025-10-24T20:50:25.475+08:00 DEBUG 27920 --- [LibrarySystem] [main] o.mybatis.spring.SqlSessionFactoryBean   : Parsed mapper file: 'file [E:\ideaTry\LibrarySystem\target\classes\mapper\BookMapper.xml]'
2025-10-24T20:50:25.508+08:00 DEBUG 27920 --- [LibrarySystem] [main] o.mybatis.spring.SqlSessionFactoryBean   : Parsed mapper file: 'file [E:\ideaTry\LibrarySystem\target\classes\mapper\BooksMapper.xml]'
2025-10-24T20:50:25.521+08:00 DEBUG 27920 --- [LibrarySystem] [main] o.mybatis.spring.SqlSessionFactoryBean   : Parsed mapper file: 'file [E:\ideaTry\LibrarySystem\target\classes\mapper\BorrowTimeMapper.xml]'
2025-10-24T20:50:25.531+08:00 DEBUG 27920 --- [LibrarySystem] [main] o.mybatis.spring.SqlSessionFactoryBean   : Parsed mapper file: 'file [E:\ideaTry\LibrarySystem\target\classes\mapper\ManagerMapper.xml]'
2025-10-24T20:50:25.551+08:00 DEBUG 27920 --- [LibrarySystem] [main] o.mybatis.spring.SqlSessionFactoryBean   : Parsed mapper file: 'file [E:\ideaTry\LibrarySystem\target\classes\mapper\OrdersMapper.xml]'
2025-10-24T20:50:25.580+08:00 DEBUG 27920 --- [LibrarySystem] [main] o.mybatis.spring.SqlSessionFactoryBean   : Parsed mapper file: 'file [E:\ideaTry\LibrarySystem\target\classes\mapper\ProcessBookMapper.xml]'
2025-10-24T20:50:25.587+08:00 DEBUG 27920 --- [LibrarySystem] [main] o.mybatis.spring.SqlSessionFactoryBean   : Parsed mapper file: 'file [E:\ideaTry\LibrarySystem\target\classes\mapper\PurchaseBooksMapper.xml]'
2025-10-24T20:50:25.597+08:00 DEBUG 27920 --- [LibrarySystem] [main] o.mybatis.spring.SqlSessionFactoryBean   : Parsed mapper file: 'file [E:\ideaTry\LibrarySystem\target\classes\mapper\ScoreMapper.xml]'
2025-10-24T20:50:25.616+08:00 DEBUG 27920 --- [LibrarySystem] [main] o.mybatis.spring.SqlSessionFactoryBean   : Parsed mapper file: 'file [E:\ideaTry\LibrarySystem\target\classes\mapper\UserMapper.xml]'
2025-10-24T20:50:26.061+08:00  INFO 27920 --- [LibrarySystem] [main] o.neo4j.driver.internal.DriverFactory    : Routing driver instance 1313602972 created for server address localhost:7687
2025-10-24T20:50:26.237+08:00  WARN 27920 --- [LibrarySystem] [main] o.s.d.n.c.mapping.Neo4jPersistentEntity  : The entity org.powernode.springboot.bean.neo4j.Type is using a Long value for storing internally generated Neo4j ids. The Neo4j internal Long Ids are deprecated, please consider using an external ID generator.
2025-10-24T20:50:26.283+08:00  WARN 27920 --- [LibrarySystem] [main] o.s.d.n.c.mapping.Neo4jPersistentEntity  : The entity org.powernode.springboot.bean.neo4j.Author is using a Long value for storing internally generated Neo4j ids. The Neo4j internal Long Ids are deprecated, please consider using an external ID generator.
2025-10-24T20:50:27.221+08:00  WARN 27920 --- [LibrarySystem] [main] .s.s.UserDetailsServiceAutoConfiguration : 

Using generated security password: bcc7d735-ff68-40fb-bb90-a92823cf6dd1

This generated password is for development use only. Your security configuration must be updated before running your application in production.

2025-10-24T20:50:27.235+08:00  INFO 27920 --- [LibrarySystem] [main] r$InitializeUserDetailsManagerConfigurer : Global AuthenticationManager configured with UserDetailsService bean with name inMemoryUserDetailsManager
2025-10-24T20:50:27.374+08:00  WARN 27920 --- [LibrarySystem] [main] thorizationManagerRequestMatcherRegistry : One of the patterns in [/manager/checkIsManager, /manager/submitToAddBook, /manager/submitMaterialsToAddBooks, /manager/downloadTemplateFile, /manager/verifyQR, /manager/getAllRecommendWaitToProcess, /manager/deleteRecommendToStore, /manager/addPurchaseBook, /manager/getAllPurchaseBooks, /manager/deletePurchaseBook, /manager/deleteBook, /manager/getAllBookRecord, /manager/addBookRecord, /manager/renewBook, /manager/returnBook, /manager/connect, /manager/generateQrToken, /manager/getAllOrders, /manager/getSomeoneOrders, /manager/getSpecialOrder, /manager/updateUserBalance, /manager/getAllOnlineAccounts, /manager/forceSomeoneQuit, manager/getBlackList, /manager/pullOutTheBlacklist, /manager/quit] is missing a leading slash. This is discouraged; please include the leading slash in all your request matcher patterns. In future versions of Spring Security, leaving out the leading slash will result in an exception.
2025-10-24T20:50:28.361+08:00  INFO 27920 --- [LibrarySystem] [main] o.p.s.LibrarySystemApplicationTests      : Started LibrarySystemApplicationTests in 5.835 seconds (process running for 6.83)
2025-10-24T20:50:28.366+08:00  INFO 27920 --- [LibrarySystem] [main] o.p.s.c.Neo4jConstraintInitializerConfig : neo4j
2025-10-24T20:50:28.369+08:00 DEBUG 27920 --- [LibrarySystem] [scheduled-task-1] o.p.s.s.d.s.r.i.LoginTokenServiceImpl    : : LoginTokenServiceImpl.clearOnlineCount()
2025-10-24T20:50:28.369+08:00 DEBUG 27920 --- [LibrarySystem] [scheduled-task-2] o.p.s.s.d.s.r.i.LoginTokenServiceImpl    : : LoginTokenServiceImpl.clearIpRequest()
2025-10-24T20:50:29.042+08:00 DEBUG 27920 --- [LibrarySystem] [scheduled-task-1] o.p.s.s.d.s.r.i.LoginTokenServiceImpl    : : LoginTokenServiceImpl.clearOnlineCount() - : 669ms
2025-10-24T20:50:29.043+08:00 DEBUG 27920 --- [LibrarySystem] [scheduled-task-2] o.p.s.s.d.s.r.i.LoginTokenServiceImpl    : : LoginTokenServiceImpl.clearIpRequest() - : 670ms
2025-10-24T20:50:29.231+08:00 ERROR 27920 --- [LibrarySystem] [main] o.p.s.c.Neo4jConstraintInitializerConfig : neo4jThe client is unauthorized due to authentication failure.
2025-10-24T20:50:30.122+08:00  INFO 27920 --- [LibrarySystem] [SpringApplicationShutdownHook] o.neo4j.driver.internal.InternalDriver   : Closing driver instance 1313602972
